positive/car_1.jpeg 1 89 170 330 190
positive/car_2.jpeg 1 184 215 154 49
positive/car_3.jpeg 1 248 572 341 141
positive/car_4.jpeg 1 712 838 442 189
positive/car_5.jpeg 1 417 295 85 43
positive/car_6.jpeg 1 115 110 71 40
positive/car_7.jpeg 1 209 484 141 55
positive/car_8.jpeg 1 248 577 242 109
positive/car_9.jpeg 1 134 626 134 60
positive/car_10.jpeg 1 426 1142 278 103
positive/car_11.jpeg 1 509 612 260 110
positive/car_12.jpeg 1 454 554 410 193
positive/car_13.jpeg 1 295 179 70 40
positive/car_14.jpeg 1 731 490 361 174
positive/car_15.jpeg 1 102 133 72 36
positive/car_16.jpeg 1 297 288 91 44
positive/car_17.jpeg 1 110 145 38 19
positive/car_18.jpeg 1 497 554 164 71
positive/car_19.jpeg 1 238 389 91 52
positive/car_20.jpeg 1 249 159 94 48
positive/car_21.jpeg 1 134 225 96 50
positive/car_22.jpeg 1 200 354 106 48
positive/car_23.jpeg 1 86 145 67 32
positive/car_24.jpeg 1 107 99 41 17
positive/car_25.jpeg 1 321 349 126 58
positive/car_26.jpeg 1 621 686 282 110
positive/car_27.jpeg 1 201 148 135 75
positive/car_28.jpeg 1 201 299 115 49
positive/car_29.jpeg 1 189 277 100 52
positive/car_30.jpeg 1 76 167 45 19
positive/car_31.jpeg 1 263 219 182 79
positive/car_32.jpeg 1 122 211 123 82
positive/car_33.jpeg 1 891 743 371 143